
 /----------------------------------------------------------------------------\
 |                                                                            |
 |  yosys -- Yosys Open SYnthesis Suite                                       |
 |                                                                            |
 |  Copyright (C) 2012 - 2020  Claire Xenia Wolf <claire@yosyshq.com>         |
 |                                                                            |
 |  Permission to use, copy, modify, and/or distribute this software for any  |
 |  purpose with or without fee is hereby granted, provided that the above    |
 |  copyright notice and this permission notice appear in all copies.         |
 |                                                                            |
 |  THE SOFTWARE IS PROVIDED "AS IS" AND THE AUTHOR DISCLAIMS ALL WARRANTIES  |
 |  WITH REGARD TO THIS SOFTWARE INCLUDING ALL IMPLIED WARRANTIES OF          |
 |  MERCHANTABILITY AND FITNESS. IN NO EVENT SHALL THE AUTHOR BE LIABLE FOR   |
 |  ANY SPECIAL, DIRECT, INDIRECT, OR CONSEQUENTIAL DAMAGES OR ANY DAMAGES    |
 |  WHATSOEVER RESULTING FROM LOSS OF USE, DATA OR PROFITS, WHETHER IN AN     |
 |  ACTION OF CONTRACT, NEGLIGENCE OR OTHER TORTIOUS ACTION, ARISING OUT OF   |
 |  OR IN CONNECTION WITH THE USE OR PERFORMANCE OF THIS SOFTWARE.            |
 |                                                                            |
 \----------------------------------------------------------------------------/

 Yosys 0.26+1 (git sha1 b1a011138, x86_64-w64-mingw32-g++ 9.2.1 -Os)


-- Running command `read_verilog -sv ../design/barrido.sv ../design/sistema_de_lectura.sv ../design/sizes_pkg.sv ; synth_gowin -top barrido    -json barrido_tb.json' --

1. Executing Verilog-2005 frontend: ../design/barrido.sv
Parsing SystemVerilog input from `../design/barrido.sv' to AST representation.
Generating RTLIL representation for module `\barrido'.
Generating RTLIL representation for module `\register'.
Successfully finished Verilog frontend.

2. Executing Verilog-2005 frontend: ../design/sistema_de_lectura.sv
Parsing SystemVerilog input from `../design/sistema_de_lectura.sv' to AST representation.
Generating RTLIL representation for module `\sistema_de_lectura'.
Successfully finished Verilog frontend.

3. Executing Verilog-2005 frontend: ../design/sizes_pkg.sv
Parsing SystemVerilog input from `../design/sizes_pkg.sv' to AST representation.
Successfully finished Verilog frontend.

4. Executing SYNTH_GOWIN pass.

4.1. Executing Verilog-2005 frontend: d:\oss-cad-suite\bin\../share/yosys/gowin/cells_sim.v
Parsing Verilog input from `d:\oss-cad-suite\bin\../share/yosys/gowin/cells_sim.v' to AST representation.
Generating RTLIL representation for module `\LUT1'.
Generating RTLIL representation for module `\LUT2'.
Generating RTLIL representation for module `\LUT3'.
Generating RTLIL representation for module `\LUT4'.
Generating RTLIL representation for module `\__APICULA_LUT5'.
Generating RTLIL representation for module `\__APICULA_LUT6'.
Generating RTLIL representation for module `\__APICULA_LUT7'.
Generating RTLIL representation for module `\__APICULA_LUT8'.
Generating RTLIL representation for module `\MUX2'.
Generating RTLIL representation for module `\MUX2_LUT5'.
Generating RTLIL representation for module `\MUX2_LUT6'.
Generating RTLIL representation for module `\MUX2_LUT7'.
Generating RTLIL representation for module `\MUX2_LUT8'.
Generating RTLIL representation for module `\DFF'.
Generating RTLIL representation for module `\DFFE'.
Generating RTLIL representation for module `\DFFS'.
Generating RTLIL representation for module `\DFFSE'.
Generating RTLIL representation for module `\DFFR'.
Generating RTLIL representation for module `\DFFRE'.
Generating RTLIL representation for module `\DFFP'.
Generating RTLIL representation for module `\DFFPE'.
Generating RTLIL representation for module `\DFFC'.
Generating RTLIL representation for module `\DFFCE'.
Generating RTLIL representation for module `\DFFN'.
Generating RTLIL representation for module `\DFFNE'.
Generating RTLIL representation for module `\DFFNS'.
Generating RTLIL representation for module `\DFFNSE'.
Generating RTLIL representation for module `\DFFNR'.
Generating RTLIL representation for module `\DFFNRE'.
Generating RTLIL representation for module `\DFFNP'.
Generating RTLIL representation for module `\DFFNPE'.
Generating RTLIL representation for module `\DFFNC'.
Generating RTLIL representation for module `\DFFNCE'.
Generating RTLIL representation for module `\VCC'.
Generating RTLIL representation for module `\GND'.
Generating RTLIL representation for module `\IBUF'.
Generating RTLIL representation for module `\OBUF'.
Generating RTLIL representation for module `\TBUF'.
Generating RTLIL representation for module `\IOBUF'.
Generating RTLIL representation for module `\TLVDS_OBUF'.
Generating RTLIL representation for module `\ODDR'.
Generating RTLIL representation for module `\ODDRC'.
Generating RTLIL representation for module `\GSR'.
Generating RTLIL representation for module `\ALU'.
Generating RTLIL representation for module `\RAM16S1'.
Generating RTLIL representation for module `\RAM16S2'.
Generating RTLIL representation for module `\RAM16S4'.
Generating RTLIL representation for module `\RAM16SDP1'.
Generating RTLIL representation for module `\RAM16SDP2'.
Generating RTLIL representation for module `\RAM16SDP4'.
Generating RTLIL representation for module `\SP'.
Generating RTLIL representation for module `\SPX9'.
Generating RTLIL representation for module `\SDP'.
Generating RTLIL representation for module `\SDPX9'.
Generating RTLIL representation for module `\DP'.
Generating RTLIL representation for module `\DPX9'.
Generating RTLIL representation for module `\rPLL'.
Generating RTLIL representation for module `\PLLVR'.
Generating RTLIL representation for module `\OSC'.
Generating RTLIL representation for module `\OSCZ'.
Generating RTLIL representation for module `\OSCF'.
Generating RTLIL representation for module `\OSCH'.
Successfully finished Verilog frontend.

4.2. Executing HIERARCHY pass (managing design hierarchy).

4.2.1. Analyzing design hierarchy..
Top module:  \barrido

4.2.2. Analyzing design hierarchy..
Top module:  \barrido
Removing unused module `\sistema_de_lectura'.
Removing unused module `\register'.
Removed 2 unused modules.

4.3. Executing PROC pass (convert processes to netlists).

4.3.1. Executing PROC_CLEAN pass (remove empty switches from decision trees).
Found and cleaned up 1 empty switch in `\ALU.$proc$d:\oss-cad-suite\bin\../share/yosys/gowin/cells_sim.v:661$248'.
Cleaned up 1 empty switch.

4.3.2. Executing PROC_RMDEAD pass (remove dead branches from decision trees).
Marked 1 switch rules as full_case in process $proc$d:\oss-cad-suite\bin\../share/yosys/gowin/cells_sim.v:535$244 in module DFFNCE.
Marked 1 switch rules as full_case in process $proc$d:\oss-cad-suite\bin\../share/yosys/gowin/cells_sim.v:515$242 in module DFFNC.
Marked 1 switch rules as full_case in process $proc$d:\oss-cad-suite\bin\../share/yosys/gowin/cells_sim.v:496$240 in module DFFNPE.
Marked 1 switch rules as full_case in process $proc$d:\oss-cad-suite\bin\../share/yosys/gowin/cells_sim.v:476$238 in module DFFNP.
Marked 1 switch rules as full_case in process $proc$d:\oss-cad-suite\bin\../share/yosys/gowin/cells_sim.v:457$236 in module DFFNRE.
Marked 1 switch rules as full_case in process $proc$d:\oss-cad-suite\bin\../share/yosys/gowin/cells_sim.v:437$234 in module DFFNR.
Marked 1 switch rules as full_case in process $proc$d:\oss-cad-suite\bin\../share/yosys/gowin/cells_sim.v:418$232 in module DFFNSE.
Marked 1 switch rules as full_case in process $proc$d:\oss-cad-suite\bin\../share/yosys/gowin/cells_sim.v:398$230 in module DFFNS.
Marked 1 switch rules as full_case in process $proc$d:\oss-cad-suite\bin\../share/yosys/gowin/cells_sim.v:348$224 in module DFFCE.
Marked 1 switch rules as full_case in process $proc$d:\oss-cad-suite\bin\../share/yosys/gowin/cells_sim.v:328$222 in module DFFC.
Marked 1 switch rules as full_case in process $proc$d:\oss-cad-suite\bin\../share/yosys/gowin/cells_sim.v:309$220 in module DFFPE.
Marked 1 switch rules as full_case in process $proc$d:\oss-cad-suite\bin\../share/yosys/gowin/cells_sim.v:289$218 in module DFFP.
Marked 1 switch rules as full_case in process $proc$d:\oss-cad-suite\bin\../share/yosys/gowin/cells_sim.v:270$216 in module DFFRE.
Marked 1 switch rules as full_case in process $proc$d:\oss-cad-suite\bin\../share/yosys/gowin/cells_sim.v:250$214 in module DFFR.
Marked 1 switch rules as full_case in process $proc$d:\oss-cad-suite\bin\../share/yosys/gowin/cells_sim.v:231$212 in module DFFSE.
Marked 1 switch rules as full_case in process $proc$d:\oss-cad-suite\bin\../share/yosys/gowin/cells_sim.v:211$210 in module DFFS.
Removed a total of 0 dead cases.

4.3.3. Executing PROC_PRUNE pass (remove redundant assignments in processes).
Removed 8 redundant assignments.
Promoted 28 assignments to connections.

4.3.4. Executing PROC_INIT pass (extract init attributes).
Found init rule in `\DFFNCE.$proc$d:\oss-cad-suite\bin\../share/yosys/gowin/cells_sim.v:0$245'.
  Set init value: \Q = 1'0
Found init rule in `\DFFNC.$proc$d:\oss-cad-suite\bin\../share/yosys/gowin/cells_sim.v:0$243'.
  Set init value: \Q = 1'0
Found init rule in `\DFFNPE.$proc$d:\oss-cad-suite\bin\../share/yosys/gowin/cells_sim.v:0$241'.
  Set init value: \Q = 1'1
Found init rule in `\DFFNP.$proc$d:\oss-cad-suite\bin\../share/yosys/gowin/cells_sim.v:0$239'.
  Set init value: \Q = 1'1
Found init rule in `\DFFNRE.$proc$d:\oss-cad-suite\bin\../share/yosys/gowin/cells_sim.v:0$237'.
  Set init value: \Q = 1'0
Found init rule in `\DFFNR.$proc$d:\oss-cad-suite\bin\../share/yosys/gowin/cells_sim.v:0$235'.
  Set init value: \Q = 1'0
Found init rule in `\DFFNSE.$proc$d:\oss-cad-suite\bin\../share/yosys/gowin/cells_sim.v:0$233'.
  Set init value: \Q = 1'1
Found init rule in `\DFFNS.$proc$d:\oss-cad-suite\bin\../share/yosys/gowin/cells_sim.v:0$231'.
  Set init value: \Q = 1'1
Found init rule in `\DFFNE.$proc$d:\oss-cad-suite\bin\../share/yosys/gowin/cells_sim.v:0$229'.
  Set init value: \Q = 1'0
Found init rule in `\DFFN.$proc$d:\oss-cad-suite\bin\../share/yosys/gowin/cells_sim.v:0$227'.
  Set init value: \Q = 1'0
Found init rule in `\DFFCE.$proc$d:\oss-cad-suite\bin\../share/yosys/gowin/cells_sim.v:0$225'.
  Set init value: \Q = 1'0
Found init rule in `\DFFC.$proc$d:\oss-cad-suite\bin\../share/yosys/gowin/cells_sim.v:0$223'.
  Set init value: \Q = 1'0
Found init rule in `\DFFPE.$proc$d:\oss-cad-suite\bin\../share/yosys/gowin/cells_sim.v:0$221'.
  Set init value: \Q = 1'1
Found init rule in `\DFFP.$proc$d:\oss-cad-suite\bin\../share/yosys/gowin/cells_sim.v:0$219'.
  Set init value: \Q = 1'1
Found init rule in `\DFFRE.$proc$d:\oss-cad-suite\bin\../share/yosys/gowin/cells_sim.v:0$217'.
  Set init value: \Q = 1'0
Found init rule in `\DFFR.$proc$d:\oss-cad-suite\bin\../share/yosys/gowin/cells_sim.v:0$215'.
  Set init value: \Q = 1'0
Found init rule in `\DFFSE.$proc$d:\oss-cad-suite\bin\../share/yosys/gowin/cells_sim.v:0$213'.
  Set init value: \Q = 1'1
Found init rule in `\DFFS.$proc$d:\oss-cad-suite\bin\../share/yosys/gowin/cells_sim.v:0$211'.
  Set init value: \Q = 1'1
Found init rule in `\DFFE.$proc$d:\oss-cad-suite\bin\../share/yosys/gowin/cells_sim.v:0$209'.
  Set init value: \Q = 1'0
Found init rule in `\DFF.$proc$d:\oss-cad-suite\bin\../share/yosys/gowin/cells_sim.v:0$207'.
  Set init value: \Q = 1'0
Found init rule in `\barrido.$proc$../design/barrido.sv:17$5'.
  Set init value: \col_reg = 4'0001
Found init rule in `\barrido.$proc$../design/barrido.sv:14$4'.
  Set init value: \clockCounter = 1'0

4.3.5. Executing PROC_ARST pass (detect async resets in processes).
Found async reset \CLEAR in `\DFFNCE.$proc$d:\oss-cad-suite\bin\../share/yosys/gowin/cells_sim.v:535$244'.
Found async reset \CLEAR in `\DFFNC.$proc$d:\oss-cad-suite\bin\../share/yosys/gowin/cells_sim.v:515$242'.
Found async reset \PRESET in `\DFFNPE.$proc$d:\oss-cad-suite\bin\../share/yosys/gowin/cells_sim.v:496$240'.
Found async reset \PRESET in `\DFFNP.$proc$d:\oss-cad-suite\bin\../share/yosys/gowin/cells_sim.v:476$238'.
Found async reset \CLEAR in `\DFFCE.$proc$d:\oss-cad-suite\bin\../share/yosys/gowin/cells_sim.v:348$224'.
Found async reset \CLEAR in `\DFFC.$proc$d:\oss-cad-suite\bin\../share/yosys/gowin/cells_sim.v:328$222'.
Found async reset \PRESET in `\DFFPE.$proc$d:\oss-cad-suite\bin\../share/yosys/gowin/cells_sim.v:309$220'.
Found async reset \PRESET in `\DFFP.$proc$d:\oss-cad-suite\bin\../share/yosys/gowin/cells_sim.v:289$218'.

4.3.6. Executing PROC_ROM pass (convert switches to ROMs).
Converted 0 switches.
<suppressed ~19 debug messages>

4.3.7. Executing PROC_MUX pass (convert decision trees to multiplexers).
Creating decoders for process `\ALU.$proc$d:\oss-cad-suite\bin\../share/yosys/gowin/cells_sim.v:661$248'.
Creating decoders for process `\DFFNCE.$proc$d:\oss-cad-suite\bin\../share/yosys/gowin/cells_sim.v:0$245'.
Creating decoders for process `\DFFNCE.$proc$d:\oss-cad-suite\bin\../share/yosys/gowin/cells_sim.v:535$244'.
     1/1: $0\Q[0:0]
Creating decoders for process `\DFFNC.$proc$d:\oss-cad-suite\bin\../share/yosys/gowin/cells_sim.v:0$243'.
Creating decoders for process `\DFFNC.$proc$d:\oss-cad-suite\bin\../share/yosys/gowin/cells_sim.v:515$242'.
     1/1: $0\Q[0:0]
Creating decoders for process `\DFFNPE.$proc$d:\oss-cad-suite\bin\../share/yosys/gowin/cells_sim.v:0$241'.
Creating decoders for process `\DFFNPE.$proc$d:\oss-cad-suite\bin\../share/yosys/gowin/cells_sim.v:496$240'.
     1/1: $0\Q[0:0]
Creating decoders for process `\DFFNP.$proc$d:\oss-cad-suite\bin\../share/yosys/gowin/cells_sim.v:0$239'.
Creating decoders for process `\DFFNP.$proc$d:\oss-cad-suite\bin\../share/yosys/gowin/cells_sim.v:476$238'.
     1/1: $0\Q[0:0]
Creating decoders for process `\DFFNRE.$proc$d:\oss-cad-suite\bin\../share/yosys/gowin/cells_sim.v:0$237'.
Creating decoders for process `\DFFNRE.$proc$d:\oss-cad-suite\bin\../share/yosys/gowin/cells_sim.v:457$236'.
     1/1: $0\Q[0:0]
Creating decoders for process `\DFFNR.$proc$d:\oss-cad-suite\bin\../share/yosys/gowin/cells_sim.v:0$235'.
Creating decoders for process `\DFFNR.$proc$d:\oss-cad-suite\bin\../share/yosys/gowin/cells_sim.v:437$234'.
     1/1: $0\Q[0:0]
Creating decoders for process `\DFFNSE.$proc$d:\oss-cad-suite\bin\../share/yosys/gowin/cells_sim.v:0$233'.
Creating decoders for process `\DFFNSE.$proc$d:\oss-cad-suite\bin\../share/yosys/gowin/cells_sim.v:418$232'.
     1/1: $0\Q[0:0]
Creating decoders for process `\DFFNS.$proc$d:\oss-cad-suite\bin\../share/yosys/gowin/cells_sim.v:0$231'.
Creating decoders for process `\DFFNS.$proc$d:\oss-cad-suite\bin\../share/yosys/gowin/cells_sim.v:398$230'.
     1/1: $0\Q[0:0]
Creating decoders for process `\DFFNE.$proc$d:\oss-cad-suite\bin\../share/yosys/gowin/cells_sim.v:0$229'.
Creating decoders for process `\DFFNE.$proc$d:\oss-cad-suite\bin\../share/yosys/gowin/cells_sim.v:381$228'.
     1/1: $0\Q[0:0]
Creating decoders for process `\DFFN.$proc$d:\oss-cad-suite\bin\../share/yosys/gowin/cells_sim.v:0$227'.
Creating decoders for process `\DFFN.$proc$d:\oss-cad-suite\bin\../share/yosys/gowin/cells_sim.v:366$226'.
Creating decoders for process `\DFFCE.$proc$d:\oss-cad-suite\bin\../share/yosys/gowin/cells_sim.v:0$225'.
Creating decoders for process `\DFFCE.$proc$d:\oss-cad-suite\bin\../share/yosys/gowin/cells_sim.v:348$224'.
     1/1: $0\Q[0:0]
Creating decoders for process `\DFFC.$proc$d:\oss-cad-suite\bin\../share/yosys/gowin/cells_sim.v:0$223'.
Creating decoders for process `\DFFC.$proc$d:\oss-cad-suite\bin\../share/yosys/gowin/cells_sim.v:328$222'.
     1/1: $0\Q[0:0]
Creating decoders for process `\DFFPE.$proc$d:\oss-cad-suite\bin\../share/yosys/gowin/cells_sim.v:0$221'.
Creating decoders for process `\DFFPE.$proc$d:\oss-cad-suite\bin\../share/yosys/gowin/cells_sim.v:309$220'.
     1/1: $0\Q[0:0]
Creating decoders for process `\DFFP.$proc$d:\oss-cad-suite\bin\../share/yosys/gowin/cells_sim.v:0$219'.
Creating decoders for process `\DFFP.$proc$d:\oss-cad-suite\bin\../share/yosys/gowin/cells_sim.v:289$218'.
     1/1: $0\Q[0:0]
Creating decoders for process `\DFFRE.$proc$d:\oss-cad-suite\bin\../share/yosys/gowin/cells_sim.v:0$217'.
Creating decoders for process `\DFFRE.$proc$d:\oss-cad-suite\bin\../share/yosys/gowin/cells_sim.v:270$216'.
     1/1: $0\Q[0:0]
Creating decoders for process `\DFFR.$proc$d:\oss-cad-suite\bin\../share/yosys/gowin/cells_sim.v:0$215'.
Creating decoders for process `\DFFR.$proc$d:\oss-cad-suite\bin\../share/yosys/gowin/cells_sim.v:250$214'.
     1/1: $0\Q[0:0]
Creating decoders for process `\DFFSE.$proc$d:\oss-cad-suite\bin\../share/yosys/gowin/cells_sim.v:0$213'.
Creating decoders for process `\DFFSE.$proc$d:\oss-cad-suite\bin\../share/yosys/gowin/cells_sim.v:231$212'.
     1/1: $0\Q[0:0]
Creating decoders for process `\DFFS.$proc$d:\oss-cad-suite\bin\../share/yosys/gowin/cells_sim.v:0$211'.
Creating decoders for process `\DFFS.$proc$d:\oss-cad-suite\bin\../share/yosys/gowin/cells_sim.v:211$210'.
     1/1: $0\Q[0:0]
Creating decoders for process `\DFFE.$proc$d:\oss-cad-suite\bin\../share/yosys/gowin/cells_sim.v:0$209'.
Creating decoders for process `\DFFE.$proc$d:\oss-cad-suite\bin\../share/yosys/gowin/cells_sim.v:194$208'.
     1/1: $0\Q[0:0]
Creating decoders for process `\DFF.$proc$d:\oss-cad-suite\bin\../share/yosys/gowin/cells_sim.v:0$207'.
Creating decoders for process `\DFF.$proc$d:\oss-cad-suite\bin\../share/yosys/gowin/cells_sim.v:179$206'.
Creating decoders for process `\barrido.$proc$../design/barrido.sv:17$5'.
Creating decoders for process `\barrido.$proc$../design/barrido.sv:14$4'.
Creating decoders for process `\barrido.$proc$../design/barrido.sv:20$1'.
     1/2: $0\clockCounter[0:0]
     2/2: $0\col_reg[3:0]

4.3.8. Executing PROC_DLATCH pass (convert process syncs to latches).

4.3.9. Executing PROC_DFF pass (convert process syncs to FFs).
Creating register for signal `\ALU.\C' using process `\ALU.$proc$d:\oss-cad-suite\bin\../share/yosys/gowin/cells_sim.v:661$248'.
  created direct connection (no actual register cell created).
Creating register for signal `\ALU.\S' using process `\ALU.$proc$d:\oss-cad-suite\bin\../share/yosys/gowin/cells_sim.v:661$248'.
  created direct connection (no actual register cell created).
Creating register for signal `\DFFNCE.\Q' using process `\DFFNCE.$proc$d:\oss-cad-suite\bin\../share/yosys/gowin/cells_sim.v:535$244'.
  created $adff cell `$procdff$340' with negative edge clock and positive level reset.
Creating register for signal `\DFFNC.\Q' using process `\DFFNC.$proc$d:\oss-cad-suite\bin\../share/yosys/gowin/cells_sim.v:515$242'.
  created $adff cell `$procdff$341' with negative edge clock and positive level reset.
Creating register for signal `\DFFNPE.\Q' using process `\DFFNPE.$proc$d:\oss-cad-suite\bin\../share/yosys/gowin/cells_sim.v:496$240'.
  created $adff cell `$procdff$342' with negative edge clock and positive level reset.
Creating register for signal `\DFFNP.\Q' using process `\DFFNP.$proc$d:\oss-cad-suite\bin\../share/yosys/gowin/cells_sim.v:476$238'.
  created $adff cell `$procdff$343' with negative edge clock and positive level reset.
Creating register for signal `\DFFNRE.\Q' using process `\DFFNRE.$proc$d:\oss-cad-suite\bin\../share/yosys/gowin/cells_sim.v:457$236'.
  created $dff cell `$procdff$344' with negative edge clock.
Creating register for signal `\DFFNR.\Q' using process `\DFFNR.$proc$d:\oss-cad-suite\bin\../share/yosys/gowin/cells_sim.v:437$234'.
  created $dff cell `$procdff$345' with negative edge clock.
Creating register for signal `\DFFNSE.\Q' using process `\DFFNSE.$proc$d:\oss-cad-suite\bin\../share/yosys/gowin/cells_sim.v:418$232'.
  created $dff cell `$procdff$346' with negative edge clock.
Creating register for signal `\DFFNS.\Q' using process `\DFFNS.$proc$d:\oss-cad-suite\bin\../share/yosys/gowin/cells_sim.v:398$230'.
  created $dff cell `$procdff$347' with negative edge clock.
Creating register for signal `\DFFNE.\Q' using process `\DFFNE.$proc$d:\oss-cad-suite\bin\../share/yosys/gowin/cells_sim.v:381$228'.
  created $dff cell `$procdff$348' with negative edge clock.
Creating register for signal `\DFFN.\Q' using process `\DFFN.$proc$d:\oss-cad-suite\bin\../share/yosys/gowin/cells_sim.v:366$226'.
  created $dff cell `$procdff$349' with negative edge clock.
Creating register for signal `\DFFCE.\Q' using process `\DFFCE.$proc$d:\oss-cad-suite\bin\../share/yosys/gowin/cells_sim.v:348$224'.
  created $adff cell `$procdff$350' with positive edge clock and positive level reset.
Creating register for signal `\DFFC.\Q' using process `\DFFC.$proc$d:\oss-cad-suite\bin\../share/yosys/gowin/cells_sim.v:328$222'.
  created $adff cell `$procdff$351' with positive edge clock and positive level reset.
Creating register for signal `\DFFPE.\Q' using process `\DFFPE.$proc$d:\oss-cad-suite\bin\../share/yosys/gowin/cells_sim.v:309$220'.
  created $adff cell `$procdff$352' with positive edge clock and positive level reset.
Creating register for signal `\DFFP.\Q' using process `\DFFP.$proc$d:\oss-cad-suite\bin\../share/yosys/gowin/cells_sim.v:289$218'.
  created $adff cell `$procdff$353' with positive edge clock and positive level reset.
Creating register for signal `\DFFRE.\Q' using process `\DFFRE.$proc$d:\oss-cad-suite\bin\../share/yosys/gowin/cells_sim.v:270$216'.
  created $dff cell `$procdff$354' with positive edge clock.
Creating register for signal `\DFFR.\Q' using process `\DFFR.$proc$d:\oss-cad-suite\bin\../share/yosys/gowin/cells_sim.v:250$214'.
  created $dff cell `$procdff$355' with positive edge clock.
Creating register for signal `\DFFSE.\Q' using process `\DFFSE.$proc$d:\oss-cad-suite\bin\../share/yosys/gowin/cells_sim.v:231$212'.
  created $dff cell `$procdff$356' with positive edge clock.
Creating register for signal `\DFFS.\Q' using process `\DFFS.$proc$d:\oss-cad-suite\bin\../share/yosys/gowin/cells_sim.v:211$210'.
  created $dff cell `$procdff$357' with positive edge clock.
Creating register for signal `\DFFE.\Q' using process `\DFFE.$proc$d:\oss-cad-suite\bin\../share/yosys/gowin/cells_sim.v:194$208'.
  created $dff cell `$procdff$358' with positive edge clock.
Creating register for signal `\DFF.\Q' using process `\DFF.$proc$d:\oss-cad-suite\bin\../share/yosys/gowin/cells_sim.v:179$206'.
  created $dff cell `$procdff$359' with positive edge clock.
Creating register for signal `\barrido.\clockCounter' using process `\barrido.$proc$../design/barrido.sv:20$1'.
  created $dff cell `$procdff$360' with positive edge clock.
Creating register for signal `\barrido.\col_reg' using process `\barrido.$proc$../design/barrido.sv:20$1'.
  created $dff cell `$procdff$361' with positive edge clock.

4.3.10. Executing PROC_MEMWR pass (convert process memory writes to cells).

4.3.11. Executing PROC_CLEAN pass (remove empty switches from decision trees).
Removing empty process `ALU.$proc$d:\oss-cad-suite\bin\../share/yosys/gowin/cells_sim.v:661$248'.
Removing empty process `DFFNCE.$proc$d:\oss-cad-suite\bin\../share/yosys/gowin/cells_sim.v:0$245'.
Found and cleaned up 1 empty switch in `\DFFNCE.$proc$d:\oss-cad-suite\bin\../share/yosys/gowin/cells_sim.v:535$244'.
Removing empty process `DFFNCE.$proc$d:\oss-cad-suite\bin\../share/yosys/gowin/cells_sim.v:535$244'.
Removing empty process `DFFNC.$proc$d:\oss-cad-suite\bin\../share/yosys/gowin/cells_sim.v:0$243'.
Removing empty process `DFFNC.$proc$d:\oss-cad-suite\bin\../share/yosys/gowin/cells_sim.v:515$242'.
Removing empty process `DFFNPE.$proc$d:\oss-cad-suite\bin\../share/yosys/gowin/cells_sim.v:0$241'.
Found and cleaned up 1 empty switch in `\DFFNPE.$proc$d:\oss-cad-suite\bin\../share/yosys/gowin/cells_sim.v:496$240'.
Removing empty process `DFFNPE.$proc$d:\oss-cad-suite\bin\../share/yosys/gowin/cells_sim.v:496$240'.
Removing empty process `DFFNP.$proc$d:\oss-cad-suite\bin\../share/yosys/gowin/cells_sim.v:0$239'.
Removing empty process `DFFNP.$proc$d:\oss-cad-suite\bin\../share/yosys/gowin/cells_sim.v:476$238'.
Removing empty process `DFFNRE.$proc$d:\oss-cad-suite\bin\../share/yosys/gowin/cells_sim.v:0$237'.
Found and cleaned up 2 empty switches in `\DFFNRE.$proc$d:\oss-cad-suite\bin\../share/yosys/gowin/cells_sim.v:457$236'.
Removing empty process `DFFNRE.$proc$d:\oss-cad-suite\bin\../share/yosys/gowin/cells_sim.v:457$236'.
Removing empty process `DFFNR.$proc$d:\oss-cad-suite\bin\../share/yosys/gowin/cells_sim.v:0$235'.
Found and cleaned up 1 empty switch in `\DFFNR.$proc$d:\oss-cad-suite\bin\../share/yosys/gowin/cells_sim.v:437$234'.
Removing empty process `DFFNR.$proc$d:\oss-cad-suite\bin\../share/yosys/gowin/cells_sim.v:437$234'.
Removing empty process `DFFNSE.$proc$d:\oss-cad-suite\bin\../share/yosys/gowin/cells_sim.v:0$233'.
Found and cleaned up 2 empty switches in `\DFFNSE.$proc$d:\oss-cad-suite\bin\../share/yosys/gowin/cells_sim.v:418$232'.
Removing empty process `DFFNSE.$proc$d:\oss-cad-suite\bin\../share/yosys/gowin/cells_sim.v:418$232'.
Removing empty process `DFFNS.$proc$d:\oss-cad-suite\bin\../share/yosys/gowin/cells_sim.v:0$231'.
Found and cleaned up 1 empty switch in `\DFFNS.$proc$d:\oss-cad-suite\bin\../share/yosys/gowin/cells_sim.v:398$230'.
Removing empty process `DFFNS.$proc$d:\oss-cad-suite\bin\../share/yosys/gowin/cells_sim.v:398$230'.
Removing empty process `DFFNE.$proc$d:\oss-cad-suite\bin\../share/yosys/gowin/cells_sim.v:0$229'.
Found and cleaned up 1 empty switch in `\DFFNE.$proc$d:\oss-cad-suite\bin\../share/yosys/gowin/cells_sim.v:381$228'.
Removing empty process `DFFNE.$proc$d:\oss-cad-suite\bin\../share/yosys/gowin/cells_sim.v:381$228'.
Removing empty process `DFFN.$proc$d:\oss-cad-suite\bin\../share/yosys/gowin/cells_sim.v:0$227'.
Removing empty process `DFFN.$proc$d:\oss-cad-suite\bin\../share/yosys/gowin/cells_sim.v:366$226'.
Removing empty process `DFFCE.$proc$d:\oss-cad-suite\bin\../share/yosys/gowin/cells_sim.v:0$225'.
Found and cleaned up 1 empty switch in `\DFFCE.$proc$d:\oss-cad-suite\bin\../share/yosys/gowin/cells_sim.v:348$224'.
Removing empty process `DFFCE.$proc$d:\oss-cad-suite\bin\../share/yosys/gowin/cells_sim.v:348$224'.
Removing empty process `DFFC.$proc$d:\oss-cad-suite\bin\../share/yosys/gowin/cells_sim.v:0$223'.
Removing empty process `DFFC.$proc$d:\oss-cad-suite\bin\../share/yosys/gowin/cells_sim.v:328$222'.
Removing empty process `DFFPE.$proc$d:\oss-cad-suite\bin\../share/yosys/gowin/cells_sim.v:0$221'.
Found and cleaned up 1 empty switch in `\DFFPE.$proc$d:\oss-cad-suite\bin\../share/yosys/gowin/cells_sim.v:309$220'.
Removing empty process `DFFPE.$proc$d:\oss-cad-suite\bin\../share/yosys/gowin/cells_sim.v:309$220'.
Removing empty process `DFFP.$proc$d:\oss-cad-suite\bin\../share/yosys/gowin/cells_sim.v:0$219'.
Removing empty process `DFFP.$proc$d:\oss-cad-suite\bin\../share/yosys/gowin/cells_sim.v:289$218'.
Removing empty process `DFFRE.$proc$d:\oss-cad-suite\bin\../share/yosys/gowin/cells_sim.v:0$217'.
Found and cleaned up 2 empty switches in `\DFFRE.$proc$d:\oss-cad-suite\bin\../share/yosys/gowin/cells_sim.v:270$216'.
Removing empty process `DFFRE.$proc$d:\oss-cad-suite\bin\../share/yosys/gowin/cells_sim.v:270$216'.
Removing empty process `DFFR.$proc$d:\oss-cad-suite\bin\../share/yosys/gowin/cells_sim.v:0$215'.
Found and cleaned up 1 empty switch in `\DFFR.$proc$d:\oss-cad-suite\bin\../share/yosys/gowin/cells_sim.v:250$214'.
Removing empty process `DFFR.$proc$d:\oss-cad-suite\bin\../share/yosys/gowin/cells_sim.v:250$214'.
Removing empty process `DFFSE.$proc$d:\oss-cad-suite\bin\../share/yosys/gowin/cells_sim.v:0$213'.
Found and cleaned up 2 empty switches in `\DFFSE.$proc$d:\oss-cad-suite\bin\../share/yosys/gowin/cells_sim.v:231$212'.
Removing empty process `DFFSE.$proc$d:\oss-cad-suite\bin\../share/yosys/gowin/cells_sim.v:231$212'.
Removing empty process `DFFS.$proc$d:\oss-cad-suite\bin\../share/yosys/gowin/cells_sim.v:0$211'.
Found and cleaned up 1 empty switch in `\DFFS.$proc$d:\oss-cad-suite\bin\../share/yosys/gowin/cells_sim.v:211$210'.
Removing empty process `DFFS.$proc$d:\oss-cad-suite\bin\../share/yosys/gowin/cells_sim.v:211$210'.
Removing empty process `DFFE.$proc$d:\oss-cad-suite\bin\../share/yosys/gowin/cells_sim.v:0$209'.
Found and cleaned up 1 empty switch in `\DFFE.$proc$d:\oss-cad-suite\bin\../share/yosys/gowin/cells_sim.v:194$208'.
Removing empty process `DFFE.$proc$d:\oss-cad-suite\bin\../share/yosys/gowin/cells_sim.v:194$208'.
Removing empty process `DFF.$proc$d:\oss-cad-suite\bin\../share/yosys/gowin/cells_sim.v:0$207'.
Removing empty process `DFF.$proc$d:\oss-cad-suite\bin\../share/yosys/gowin/cells_sim.v:179$206'.
Removing empty process `barrido.$proc$../design/barrido.sv:17$5'.
Removing empty process `barrido.$proc$../design/barrido.sv:14$4'.
Found and cleaned up 1 empty switch in `\barrido.$proc$../design/barrido.sv:20$1'.
Removing empty process `barrido.$proc$../design/barrido.sv:20$1'.
Cleaned up 19 empty switches.

4.3.12. Executing OPT_EXPR pass (perform const folding).
Optimizing module barrido.

4.4. Executing FLATTEN pass (flatten design).

4.5. Executing TRIBUF pass.

4.6. Executing DEMINOUT pass (demote inout ports to input or output).

4.7. Executing SYNTH pass.

4.7.1. Executing PROC pass (convert processes to netlists).

4.7.1.1. Executing PROC_CLEAN pass (remove empty switches from decision trees).
Cleaned up 0 empty switches.

4.7.1.2. Executing PROC_RMDEAD pass (remove dead branches from decision trees).
Removed a total of 0 dead cases.

4.7.1.3. Executing PROC_PRUNE pass (remove redundant assignments in processes).
Removed 0 redundant assignments.
Promoted 0 assignments to connections.

4.7.1.4. Executing PROC_INIT pass (extract init attributes).

4.7.1.5. Executing PROC_ARST pass (detect async resets in processes).

4.7.1.6. Executing PROC_ROM pass (convert switches to ROMs).
Converted 0 switches.

4.7.1.7. Executing PROC_MUX pass (convert decision trees to multiplexers).

4.7.1.8. Executing PROC_DLATCH pass (convert process syncs to latches).

4.7.1.9. Executing PROC_DFF pass (convert process syncs to FFs).

4.7.1.10. Executing PROC_MEMWR pass (convert process memory writes to cells).

4.7.1.11. Executing PROC_CLEAN pass (remove empty switches from decision trees).
Cleaned up 0 empty switches.

4.7.1.12. Executing OPT_EXPR pass (perform const folding).
Optimizing module barrido.

4.7.2. Executing OPT_EXPR pass (perform const folding).
Optimizing module barrido.

4.7.3. Executing OPT_CLEAN pass (remove unused cells and wires).
Finding unused cells or wires in module \barrido..
Removed 0 unused cells and 6 unused wires.
<suppressed ~1 debug messages>

4.7.4. Executing CHECK pass (checking for obvious problems).
Checking module barrido...
Found and reported 0 problems.

4.7.5. Executing OPT pass (performing simple optimizations).

4.7.5.1. Executing OPT_EXPR pass (perform const folding).
Optimizing module barrido.

4.7.5.2. Executing OPT_MERGE pass (detect identical cells).
Finding identical cells in module `\barrido'.
Removed a total of 0 cells.

4.7.5.3. Executing OPT_MUXTREE pass (detect dead branches in mux trees).
Running muxtree optimizer on module \barrido..
  Creating internal representation of mux trees.
  Evaluating internal representation of mux trees.
  Analyzing evaluation results.
Removed 0 multiplexer ports.
<suppressed ~2 debug messages>

4.7.5.4. Executing OPT_REDUCE pass (consolidate $*mux and $reduce_* inputs).
  Optimizing cells in module \barrido.
Performed a total of 0 changes.

4.7.5.5. Executing OPT_MERGE pass (detect identical cells).
Finding identical cells in module `\barrido'.
Removed a total of 0 cells.

4.7.5.6. Executing OPT_DFF pass (perform DFF optimizations).

4.7.5.7. Executing OPT_CLEAN pass (remove unused cells and wires).
Finding unused cells or wires in module \barrido..

4.7.5.8. Executing OPT_EXPR pass (perform const folding).
Optimizing module barrido.

4.7.5.9. Finished OPT passes. (There is nothing left to do.)

4.7.6. Executing FSM pass (extract and optimize FSM).

4.7.6.1. Executing FSM_DETECT pass (finding FSMs in design).

4.7.6.2. Executing FSM_EXTRACT pass (extracting FSM from design).

4.7.6.3. Executing FSM_OPT pass (simple optimizations of FSMs).

4.7.6.4. Executing OPT_CLEAN pass (remove unused cells and wires).
Finding unused cells or wires in module \barrido..

4.7.6.5. Executing FSM_OPT pass (simple optimizations of FSMs).

4.7.6.6. Executing FSM_RECODE pass (re-assigning FSM state encoding).

4.7.6.7. Executing FSM_INFO pass (dumping all available information on FSM cells).

4.7.6.8. Executing FSM_MAP pass (mapping FSMs to basic logic).

4.7.7. Executing OPT pass (performing simple optimizations).

4.7.7.1. Executing OPT_EXPR pass (perform const folding).
Optimizing module barrido.

4.7.7.2. Executing OPT_MERGE pass (detect identical cells).
Finding identical cells in module `\barrido'.
Removed a total of 0 cells.

4.7.7.3. Executing OPT_MUXTREE pass (detect dead branches in mux trees).
Running muxtree optimizer on module \barrido..
  Creating internal representation of mux trees.
  Evaluating internal representation of mux trees.
  Analyzing evaluation results.
Removed 0 multiplexer ports.
<suppressed ~2 debug messages>

4.7.7.4. Executing OPT_REDUCE pass (consolidate $*mux and $reduce_* inputs).
  Optimizing cells in module \barrido.
Performed a total of 0 changes.

4.7.7.5. Executing OPT_MERGE pass (detect identical cells).
Finding identical cells in module `\barrido'.
Removed a total of 0 cells.

4.7.7.6. Executing OPT_DFF pass (perform DFF optimizations).
Adding EN signal on $procdff$361 ($dff) from module barrido (D = { \col_reg [2:0] \col_reg [3] }, Q = \col_reg).
Adding SRST signal on $procdff$360 ($dff) from module barrido (D = $add$../design/barrido.sv:21$2_Y [0], Q = \clockCounter, rval = 1'0).

4.7.7.7. Executing OPT_CLEAN pass (remove unused cells and wires).
Finding unused cells or wires in module \barrido..
Removed 2 unused cells and 2 unused wires.
<suppressed ~3 debug messages>

4.7.7.8. Executing OPT_EXPR pass (perform const folding).
Optimizing module barrido.

4.7.7.9. Rerunning OPT passes. (Maybe there is more to do..)

4.7.7.10. Executing OPT_MUXTREE pass (detect dead branches in mux trees).
Running muxtree optimizer on module \barrido..
  Creating internal representation of mux trees.
  No muxes found in this module.
Removed 0 multiplexer ports.

4.7.7.11. Executing OPT_REDUCE pass (consolidate $*mux and $reduce_* inputs).
  Optimizing cells in module \barrido.
Performed a total of 0 changes.

4.7.7.12. Executing OPT_MERGE pass (detect identical cells).
Finding identical cells in module `\barrido'.
Removed a total of 0 cells.

4.7.7.13. Executing OPT_DFF pass (perform DFF optimizations).

4.7.7.14. Executing OPT_CLEAN pass (remove unused cells and wires).
Finding unused cells or wires in module \barrido..

4.7.7.15. Executing OPT_EXPR pass (perform const folding).
Optimizing module barrido.

4.7.7.16. Finished OPT passes. (There is nothing left to do.)

4.7.8. Executing WREDUCE pass (reducing word size of cells).
Removed top 31 bits (of 32) from port B of cell barrido.$add$../design/barrido.sv:21$2 ($add).
Removed top 31 bits (of 32) from port Y of cell barrido.$add$../design/barrido.sv:21$2 ($add).
Removed top 31 bits (of 32) from port B of cell barrido.$ge$../design/barrido.sv:24$3 ($ge).
Removed top 31 bits (of 32) from wire barrido.$add$../design/barrido.sv:21$2_Y.

4.7.9. Executing PEEPOPT pass (run peephole optimizers).

4.7.10. Executing OPT_CLEAN pass (remove unused cells and wires).
Finding unused cells or wires in module \barrido..
Removed 0 unused cells and 1 unused wires.
<suppressed ~1 debug messages>

4.7.11. Executing ALUMACC pass (create $alu and $macc cells).
Extracting $alu and $macc cells in module barrido:
  creating $macc model for $add$../design/barrido.sv:21$2 ($add).
  creating $alu model for $macc $add$../design/barrido.sv:21$2.
  creating $alu model for $ge$../design/barrido.sv:24$3 ($ge): new $alu
  creating $alu cell for $ge$../design/barrido.sv:24$3: $auto$alumacc.cc:485:replace_alu$366
  creating $alu cell for $add$../design/barrido.sv:21$2: $auto$alumacc.cc:485:replace_alu$375
  created 2 $alu and 0 $macc cells.

4.7.12. Executing SHARE pass (SAT-based resource sharing).

4.7.13. Executing OPT pass (performing simple optimizations).

4.7.13.1. Executing OPT_EXPR pass (perform const folding).
Optimizing module barrido.
<suppressed ~1 debug messages>

4.7.13.2. Executing OPT_MERGE pass (detect identical cells).
Finding identical cells in module `\barrido'.
Removed a total of 0 cells.

4.7.13.3. Executing OPT_MUXTREE pass (detect dead branches in mux trees).
Running muxtree optimizer on module \barrido..
  Creating internal representation of mux trees.
  No muxes found in this module.
Removed 0 multiplexer ports.

4.7.13.4. Executing OPT_REDUCE pass (consolidate $*mux and $reduce_* inputs).
  Optimizing cells in module \barrido.
Performed a total of 0 changes.

4.7.13.5. Executing OPT_MERGE pass (detect identical cells).
Finding identical cells in module `\barrido'.
Removed a total of 0 cells.

4.7.13.6. Executing OPT_DFF pass (perform DFF optimizations).

4.7.13.7. Executing OPT_CLEAN pass (remove unused cells and wires).
Finding unused cells or wires in module \barrido..
Removed 0 unused cells and 2 unused wires.
<suppressed ~1 debug messages>

4.7.13.8. Executing OPT_EXPR pass (perform const folding).
Optimizing module barrido.

4.7.13.9. Rerunning OPT passes. (Maybe there is more to do..)

4.7.13.10. Executing OPT_MUXTREE pass (detect dead branches in mux trees).
Running muxtree optimizer on module \barrido..
  Creating internal representation of mux trees.
  No muxes found in this module.
Removed 0 multiplexer ports.

4.7.13.11. Executing OPT_REDUCE pass (consolidate $*mux and $reduce_* inputs).
  Optimizing cells in module \barrido.
Performed a total of 0 changes.

4.7.13.12. Executing OPT_MERGE pass (detect identical cells).
Finding identical cells in module `\barrido'.
Removed a total of 0 cells.

4.7.13.13. Executing OPT_DFF pass (perform DFF optimizations).

4.7.13.14. Executing OPT_CLEAN pass (remove unused cells and wires).
Finding unused cells or wires in module \barrido..

4.7.13.15. Executing OPT_EXPR pass (perform const folding).
Optimizing module barrido.

4.7.13.16. Finished OPT passes. (There is nothing left to do.)

4.7.14. Executing MEMORY pass.

4.7.14.1. Executing OPT_MEM pass (optimize memories).
Performed a total of 0 transformations.

4.7.14.2. Executing OPT_MEM_PRIORITY pass (removing unnecessary memory write priority relations).
Performed a total of 0 transformations.

4.7.14.3. Executing OPT_MEM_FEEDBACK pass (finding memory read-to-write feedback paths).

4.7.14.4. Executing MEMORY_BMUX2ROM pass (converting muxes to ROMs).

4.7.14.5. Executing MEMORY_DFF pass (merging $dff cells to $memrd).

4.7.14.6. Executing OPT_CLEAN pass (remove unused cells and wires).
Finding unused cells or wires in module \barrido..

4.7.14.7. Executing MEMORY_SHARE pass (consolidating $memrd/$memwr cells).

4.7.14.8. Executing OPT_MEM_WIDEN pass (optimize memories where all ports are wide).
Performed a total of 0 transformations.

4.7.14.9. Executing OPT_CLEAN pass (remove unused cells and wires).
Finding unused cells or wires in module \barrido..

4.7.14.10. Executing MEMORY_COLLECT pass (generating $mem cells).

4.7.15. Executing OPT_CLEAN pass (remove unused cells and wires).
Finding unused cells or wires in module \barrido..

4.8. Executing MEMORY_LIBMAP pass (mapping memories to cells).

4.9. Executing TECHMAP pass (map to technology primitives).

4.9.1. Executing Verilog-2005 frontend: d:\oss-cad-suite\bin\../share/yosys/gowin/lutrams_map.v
Parsing Verilog input from `d:\oss-cad-suite\bin\../share/yosys/gowin/lutrams_map.v' to AST representation.
Generating RTLIL representation for module `\$__GOWIN_LUTRAM_'.
Successfully finished Verilog frontend.

4.9.2. Executing Verilog-2005 frontend: d:\oss-cad-suite\bin\../share/yosys/gowin/brams_map.v
Parsing Verilog input from `d:\oss-cad-suite\bin\../share/yosys/gowin/brams_map.v' to AST representation.
Generating RTLIL representation for module `\$__GOWIN_SP_'.
Generating RTLIL representation for module `\$__GOWIN_DP_'.
Generating RTLIL representation for module `\$__GOWIN_SDP_'.
Successfully finished Verilog frontend.

4.9.3. Continuing TECHMAP pass.
No more expansions possible.
<suppressed ~6 debug messages>

4.10. Executing OPT pass (performing simple optimizations).

4.10.1. Executing OPT_EXPR pass (perform const folding).
Optimizing module barrido.
<suppressed ~6 debug messages>

4.10.2. Executing OPT_MERGE pass (detect identical cells).
Finding identical cells in module `\barrido'.
Removed a total of 0 cells.

4.10.3. Executing OPT_DFF pass (perform DFF optimizations).

4.10.4. Executing OPT_CLEAN pass (remove unused cells and wires).
Finding unused cells or wires in module \barrido..
Removed 1 unused cells and 7 unused wires.
<suppressed ~2 debug messages>

4.10.5. Finished fast OPT passes.

4.11. Executing MEMORY_MAP pass (converting memories to logic and flip-flops).

4.12. Executing OPT pass (performing simple optimizations).

4.12.1. Executing OPT_EXPR pass (perform const folding).
Optimizing module barrido.

4.12.2. Executing OPT_MERGE pass (detect identical cells).
Finding identical cells in module `\barrido'.
Removed a total of 0 cells.

4.12.3. Executing OPT_MUXTREE pass (detect dead branches in mux trees).
Running muxtree optimizer on module \barrido..
  Creating internal representation of mux trees.
  No muxes found in this module.
Removed 0 multiplexer ports.

4.12.4. Executing OPT_REDUCE pass (consolidate $*mux and $reduce_* inputs).
  Optimizing cells in module \barrido.
Performed a total of 0 changes.

4.12.5. Executing OPT_MERGE pass (detect identical cells).
Finding identical cells in module `\barrido'.
Removed a total of 0 cells.

4.12.6. Executing OPT_DFF pass (perform DFF optimizations).

4.12.7. Executing OPT_CLEAN pass (remove unused cells and wires).
Finding unused cells or wires in module \barrido..

4.12.8. Executing OPT_EXPR pass (perform const folding).
Optimizing module barrido.

4.12.9. Finished OPT passes. (There is nothing left to do.)

4.13. Executing TECHMAP pass (map to technology primitives).

4.13.1. Executing Verilog-2005 frontend: d:\oss-cad-suite\bin\../share/yosys/techmap.v
Parsing Verilog input from `d:\oss-cad-suite\bin\../share/yosys/techmap.v' to AST representation.
Generating RTLIL representation for module `\_90_simplemap_bool_ops'.
Generating RTLIL representation for module `\_90_simplemap_reduce_ops'.
Generating RTLIL representation for module `\_90_simplemap_logic_ops'.
Generating RTLIL representation for module `\_90_simplemap_compare_ops'.
Generating RTLIL representation for module `\_90_simplemap_various'.
Generating RTLIL representation for module `\_90_simplemap_registers'.
Generating RTLIL representation for module `\_90_shift_ops_shr_shl_sshl_sshr'.
Generating RTLIL representation for module `\_90_shift_shiftx'.
Generating RTLIL representation for module `\_90_fa'.
Generating RTLIL representation for module `\_90_lcu'.
Generating RTLIL representation for module `\_90_alu'.
Generating RTLIL representation for module `\_90_macc'.
Generating RTLIL representation for module `\_90_alumacc'.
Generating RTLIL representation for module `\$__div_mod_u'.
Generating RTLIL representation for module `\$__div_mod_trunc'.
Generating RTLIL representation for module `\_90_div'.
Generating RTLIL representation for module `\_90_mod'.
Generating RTLIL representation for module `\$__div_mod_floor'.
Generating RTLIL representation for module `\_90_divfloor'.
Generating RTLIL representation for module `\_90_modfloor'.
Generating RTLIL representation for module `\_90_pow'.
Generating RTLIL representation for module `\_90_pmux'.
Generating RTLIL representation for module `\_90_demux'.
Generating RTLIL representation for module `\_90_lut'.
Successfully finished Verilog frontend.

4.13.2. Executing Verilog-2005 frontend: d:\oss-cad-suite\bin\../share/yosys/gowin/arith_map.v
Parsing Verilog input from `d:\oss-cad-suite\bin\../share/yosys/gowin/arith_map.v' to AST representation.
Generating RTLIL representation for module `\_80_gw1n_alu'.
Successfully finished Verilog frontend.

4.13.3. Continuing TECHMAP pass.
Using template $paramod$fc972a7a46956c1788f3cb5257b53c8f1df2d0cc\_90_alu for cells of type $alu.
Using extmapper simplemap for cells of type $dffe.
Using extmapper simplemap for cells of type $sdff.
Using extmapper simplemap for cells of type $xor.
Using extmapper simplemap for cells of type $and.
Using template $paramod\_90_lcu\WIDTH=32'00000000000000000000000000000001 for cells of type $lcu.
Using extmapper simplemap for cells of type $pos.
Using extmapper simplemap for cells of type $mux.
Using extmapper simplemap for cells of type $not.
Using extmapper simplemap for cells of type $or.
No more expansions possible.
<suppressed ~227 debug messages>

4.14. Executing OPT pass (performing simple optimizations).

4.14.1. Executing OPT_EXPR pass (perform const folding).
Optimizing module barrido.
<suppressed ~7 debug messages>

4.14.2. Executing OPT_MERGE pass (detect identical cells).
Finding identical cells in module `\barrido'.
<suppressed ~3 debug messages>
Removed a total of 1 cells.

4.14.3. Executing OPT_DFF pass (perform DFF optimizations).

4.14.4. Executing OPT_CLEAN pass (remove unused cells and wires).
Finding unused cells or wires in module \barrido..
Removed 0 unused cells and 28 unused wires.
<suppressed ~1 debug messages>

4.14.5. Finished fast OPT passes.

4.15. Executing IOPADMAP pass (mapping inputs/outputs to IO-PAD cells).
Mapping port barrido.clk using IBUF.
Mapping port barrido.col using OBUF.

4.16. Executing OPT_CLEAN pass (remove unused cells and wires).
Finding unused cells or wires in module \barrido..
Removed 0 unused cells and 1 unused wires.
<suppressed ~1 debug messages>

4.17. Executing DFFLEGALIZE pass (convert FFs to types supported by the target).

4.18. Executing TECHMAP pass (map to technology primitives).

4.18.1. Executing Verilog-2005 frontend: d:\oss-cad-suite\bin\../share/yosys/gowin/cells_map.v
Parsing Verilog input from `d:\oss-cad-suite\bin\../share/yosys/gowin/cells_map.v' to AST representation.
Generating RTLIL representation for module `\$_DFF_N_'.
Generating RTLIL representation for module `\$_DFF_P_'.
Generating RTLIL representation for module `\$_DFFE_PP_'.
Generating RTLIL representation for module `\$_DFFE_NP_'.
Generating RTLIL representation for module `\$_SDFF_PP0_'.
Generating RTLIL representation for module `\$_SDFF_NP0_'.
Generating RTLIL representation for module `\$_SDFFE_PP0P_'.
Generating RTLIL representation for module `\$_SDFFE_NP0P_'.
Generating RTLIL representation for module `\$_SDFF_PP1_'.
Generating RTLIL representation for module `\$_SDFF_NP1_'.
Generating RTLIL representation for module `\$_SDFFE_PP1P_'.
Generating RTLIL representation for module `\$_SDFFE_NP1P_'.
Generating RTLIL representation for module `\$_DFF_PP1_'.
Generating RTLIL representation for module `\$_DFF_NP1_'.
Generating RTLIL representation for module `\$_DFF_PP0_'.
Generating RTLIL representation for module `\$_DFF_NP0_'.
Generating RTLIL representation for module `\$_DFFE_PP1P_'.
Generating RTLIL representation for module `\$_DFFE_NP1P_'.
Generating RTLIL representation for module `\$_DFFE_PP0P_'.
Generating RTLIL representation for module `\$_DFFE_NP0P_'.
Generating RTLIL representation for module `\$lut'.
Successfully finished Verilog frontend.

4.18.2. Continuing TECHMAP pass.
Using template \$_SDFF_PP0_ for cells of type $_SDFF_PP0_.
Using template \$_SDFFE_PP1P_ for cells of type $_SDFFE_PP1P_.
Using template \$_DFFE_PP_ for cells of type $_DFFE_PP_.
No more expansions possible.
<suppressed ~28 debug messages>

4.19. Executing OPT_EXPR pass (perform const folding).
Optimizing module barrido.

4.20. Executing SIMPLEMAP pass (map simple cells to gate primitives).

4.21. Executing ABC pass (technology mapping using ABC).

4.21.1. Extracting gate netlist of module `\barrido' to `<abc-temp-dir>/input.blif'..
Extracted 1 gates and 2 wires to a netlist network with 1 inputs and 1 outputs.

4.21.1.1. Executing ABC.
Running ABC command: "<yosys-exe-dir>/yosys-abc" -s -f <abc-temp-dir>/abc.script 2>&1
ABC: ABC command line: "source <abc-temp-dir>/abc.script".
ABC: 
ABC: + read_blif <abc-temp-dir>/input.blif 
ABC: + read_lut <abc-temp-dir>/lutdefs.txt 
ABC: + strash 
ABC: + &get -n 
ABC: + &fraig -x 
ABC: + &put 
ABC: + scorr 
ABC: Warning: The network is combinational (run "fraig" or "fraig_sweep").
ABC: + dc2 
ABC: + dretime 
ABC: + strash 
ABC: + dch -f 
ABC: + if 
ABC: + mfs2 
ABC: + write_blif <abc-temp-dir>/output.blif 

4.21.1.2. Re-integrating ABC results.
ABC RESULTS:              $lut cells:        1
ABC RESULTS:        internal signals:        0
ABC RESULTS:           input signals:        1
ABC RESULTS:          output signals:        1
Removing temp directory.
Removed 0 unused cells and 28 unused wires.

4.22. Executing TECHMAP pass (map to technology primitives).

4.22.1. Executing Verilog-2005 frontend: d:\oss-cad-suite\bin\../share/yosys/gowin/cells_map.v
Parsing Verilog input from `d:\oss-cad-suite\bin\../share/yosys/gowin/cells_map.v' to AST representation.
Generating RTLIL representation for module `\$_DFF_N_'.
Generating RTLIL representation for module `\$_DFF_P_'.
Generating RTLIL representation for module `\$_DFFE_PP_'.
Generating RTLIL representation for module `\$_DFFE_NP_'.
Generating RTLIL representation for module `\$_SDFF_PP0_'.
Generating RTLIL representation for module `\$_SDFF_NP0_'.
Generating RTLIL representation for module `\$_SDFFE_PP0P_'.
Generating RTLIL representation for module `\$_SDFFE_NP0P_'.
Generating RTLIL representation for module `\$_SDFF_PP1_'.
Generating RTLIL representation for module `\$_SDFF_NP1_'.
Generating RTLIL representation for module `\$_SDFFE_PP1P_'.
Generating RTLIL representation for module `\$_SDFFE_NP1P_'.
Generating RTLIL representation for module `\$_DFF_PP1_'.
Generating RTLIL representation for module `\$_DFF_NP1_'.
Generating RTLIL representation for module `\$_DFF_PP0_'.
Generating RTLIL representation for module `\$_DFF_NP0_'.
Generating RTLIL representation for module `\$_DFFE_PP1P_'.
Generating RTLIL representation for module `\$_DFFE_NP1P_'.
Generating RTLIL representation for module `\$_DFFE_PP0P_'.
Generating RTLIL representation for module `\$_DFFE_NP0P_'.
Generating RTLIL representation for module `\$lut'.
Successfully finished Verilog frontend.

4.22.2. Continuing TECHMAP pass.
Using template $paramod\$lut\WIDTH=32'00000000000000000000000000000001\LUT=2'01 for cells of type $lut.
No more expansions possible.
<suppressed ~37 debug messages>

4.23. Executing OPT_LUT_INS pass (discard unused LUT inputs).
Optimizing LUTs in barrido.

4.24. Executing SETUNDEF pass (replace undef values with defined constants).

4.25. Executing HILOMAP pass (mapping to constant drivers).
Removed 0 unused cells and 2 unused wires.

4.26. Executing AUTONAME pass.
Renamed 20 objects in module barrido (5 iterations).
<suppressed ~15 debug messages>

4.27. Executing HIERARCHY pass (managing design hierarchy).

4.27.1. Analyzing design hierarchy..
Top module:  \barrido

4.27.2. Analyzing design hierarchy..
Top module:  \barrido
Removed 0 unused modules.

4.28. Printing statistics.

=== barrido ===

   Number of wires:                  7
   Number of wire bits:             13
   Number of public wires:           7
   Number of public wire bits:      13
   Number of memories:               0
   Number of memory bits:            0
   Number of processes:              0
   Number of cells:                 12
     DFFE                            3
     DFFR                            1
     DFFSE                           1
     GND                             1
     IBUF                            1
     LUT1                            1
     OBUF                            4

4.29. Executing CHECK pass (checking for obvious problems).
Checking module barrido...
Found and reported 0 problems.

4.30. Executing JSON backend.

End of script. Logfile hash: fe05112a6f
Yosys 0.26+1 (git sha1 b1a011138, x86_64-w64-mingw32-g++ 9.2.1 -Os)
Time spent: 1% 18x opt_expr (0 sec), 1% 16x opt_clean (0 sec), ...
